Sample Distribution Analysis Log
==================================================

Dataset Summary:
Total Labels: 50
Label: AveriaLibre-Regular, Samples: 200
Label: AveriaLibre-Italic, Samples: 200
Label: BalsamiqSans-Bold, Samples: 200
Label: Amita-Bold, Samples: 200
Label: AnekBangla[wdth,wght], Samples: 200
Label: BalsamiqSans-Italic, Samples: 200
Label: Alef-Regular, Samples: 200
Label: Aleo-Italic[wght], Samples: 200
Label: Atma-Regular, Samples: 200
Label: Armata-Regular, Samples: 200
Label: Anuphan[wght], Samples: 200
Label: Anybody[wdth,wght], Samples: 200
Label: AdventPro-Italic[wdth,wght], Samples: 200
Label: BalooBhaina2[wght], Samples: 200
Label: AveriaLibre-BoldItalic, Samples: 200
Label: Almendra-BoldItalic, Samples: 200
Label: Aleo[wght], Samples: 200
Label: BarlowSemiCondensed-BlackItalic, Samples: 200
Label: Almendra-Regular, Samples: 200
Label: Asap[wdth,wght], Samples: 200
Label: Anybody-Italic[wdth,wght], Samples: 200
Label: AnnapurnaSIL-Bold, Samples: 200
Label: Atma-Light, Samples: 200
Label: Alef-Bold, Samples: 200
Label: Atma-Bold, Samples: 200
Label: Alice-Regular, Samples: 200
Label: Alike-Regular, Samples: 200
Label: AveriaLibre-LightItalic, Samples: 200
Label: Almendra-Italic, Samples: 200
Label: Afacad-Italic[wght], Samples: 200
Label: AnnapurnaSIL-Regular, Samples: 200
Label: Atma-SemiBold, Samples: 200
Label: Afacad[wght], Samples: 200
Label: BalsamiqSans-Regular, Samples: 200
Label: Assistant[wght], Samples: 200
Label: Almendra-Bold, Samples: 200
Label: BarlowSemiCondensed-Black, Samples: 200
Label: BalsamiqSans-BoldItalic, Samples: 200
Label: Atma-Medium, Samples: 200
Label: AdventPro[wdth,wght], Samples: 200
Label: Asap-Italic[wdth,wght], Samples: 200
Label: Allerta-Regular, Samples: 200
Label: Amita-Regular, Samples: 200
Label: AveriaLibre-Light, Samples: 200
Label: AverageSans-Regular, Samples: 200
Label: AreYouSerious-Regular, Samples: 200
Label: AbyssinicaSIL-Regular, Samples: 200
Label: AdobeBlank-Regular, Samples: 199
Label: Akronim-Regular, Samples: 200
Label: AveriaLibre-Bold, Samples: 200
